Arguments: 
  C:\Program Files\nodejs\node.exe C:\Program Files (x86)\Yarn\bin\yarn.js add bcryptjs

PATH: 
  C:\Python27\;C:\Python27\Scripts;C:\ProgramData\Oracle\Java\javapath;C:\Windows\system32;C:\Windows;C:\Windows\System32\Wbem;C:\Windows\System32\WindowsPowerShell\v1.0\;C:\Windows\System32\OpenSSH\;C:\ProgramData\chocolatey\bin;C:\Program Files\nodejs\;C:\Program Files\Java\jdk1.8.0_211\bin;C:\xampp7\php;C:\Program Files (x86)\Yarn\bin\;C:\Users\Me\AppData\Local\Android\Sdk\platform-tools;C:\Program Files\Git\cmd;C:\Program Files\OpenSSL-Win64\bin;C:\Program Files (x86)\Microsoft Emulator Manager\1.0\;C:\laragon\bin\php\php-7.4.8-Win32-vc15-x64;C:\ProgramData\ComposerSetup\bin;C:\Users\Me\AppData\Local\Microsoft\WindowsApps;C:\Users\Me\AppData\Local\Programs\Microsoft VS Code\bin;C:\Users\Me\AppData\Roaming\npm;C:\Android\tools\bin;C:\Android\flutter\bin;C:\Users\Me\AppData\Local\Yarn\bin;C:\Program Files\JetBrains\IntelliJ IDEA Community Edition 2020.2.2\bin;;C:\Users\Me\AppData\Roaming\Pub\Cache\bin;C:\Users\Me\AppData\Local\GitHubDesktop\bin;C:\Users\Me\AppData\Roaming\Composer\vendor\bin

Yarn version: 
  1.22.4

Node version: 
  14.4.0

Platform: 
  win32 x64

Trace: 
  Error: connect ECONNREFUSED 104.16.23.35:443
      at TCPConnectWrap.afterConnect [as oncomplete] (net.js:1141:16)

npm manifest: 
  {
    "name": "bwamern-backend",
    "version": "0.0.0",
    "private": true,
    "scripts": {
      "start": "node ./bin/www",
      "dev": "nodemon ./bin/www"
    },
    "dependencies": {
      "connect-flash": "^0.1.1",
      "cookie-parser": "~1.4.4",
      "debug": "~2.6.9",
      "ejs": "~2.6.1",
      "express": "~4.16.1",
      "express-session": "^1.17.1",
      "fs-extra": "^9.0.1",
      "http-errors": "~1.6.3",
      "method-override": "^3.0.0",
      "mongoose": "^5.11.5",
      "morgan": "~1.9.1",
      "multer": "^1.4.2",
      "nodemon": "^2.0.6",
      "startbootstrap-sb-admin-2": "^4.1.3"
    }
  }

yarn manifest: 
  No manifest

Lockfile: 
  No lockfile
